 
=== 05/05/2026 17:30:01,34 === 
[2026-05-05T20:30:01.572Z] ▶ Snapshot start · 2026-05-05T17:30:01-03:00
[2026-05-05T20:30:09.975Z]   ✓ WIN1! · last=189580
[2026-05-05T20:30:18.107Z]   ✓ WDO1! · last=4943.5
[2026-05-05T20:30:22.236Z]   ✓ DXY · last=98.485
[2026-05-05T20:30:26.354Z]   ✓ USDJPY · last=157.884
[2026-05-05T20:30:30.433Z]   ✓ US500 · last=7278.1
[2026-05-05T20:30:34.492Z]   ✓ NAS100 · last=28131.3
[2026-05-05T20:30:38.566Z]   ✓ XAUUSD · last=4558.92
[2026-05-05T20:30:38.569Z]   · fetching DI curve from Investing...
[2026-05-05T20:30:39.898Z]   ✓ DI curve · 5 vertices
[2026-05-05T20:30:39.907Z]   ✓ Saved 2026-05-05_1730.json + latest.json
[2026-05-05T20:30:39.907Z]   · invoking publish_briefing...
[2026-05-05T20:30:43.316Z]   ✓ Published
[2026-05-05T20:30:43.317Z] ◀ Snapshot end · duration 42s
Exit code: 0 
 
=== 06/05/2026  8:30:01,18 === 
[2026-05-06T11:30:01.416Z] ▶ Snapshot start · 2026-05-06T08:30:01-03:00
[2026-05-06T11:30:09.566Z]   ✓ WIN1! · last=undefined
[2026-05-06T11:30:17.667Z]   ✓ WDO1! · last=undefined
[2026-05-06T11:30:21.716Z]   ✓ DXY · last=undefined
[2026-05-06T11:30:25.750Z]   ✓ USDJPY · last=undefined
[2026-05-06T11:30:29.786Z]   ✓ US500 · last=undefined
[2026-05-06T11:30:33.918Z]   ✓ NAS100 · last=undefined
[2026-05-06T11:30:37.965Z]   ✓ XAUUSD · last=undefined
[2026-05-06T11:30:37.968Z]   · fetching DI curve from Investing...
[2026-05-06T11:30:38.758Z]   ✓ DI curve · 5 vertices
[2026-05-06T11:30:38.808Z]   ✓ Saved 2026-05-06_0830.json + latest.json
[2026-05-06T11:30:38.809Z]   · invoking publish_briefing...
[2026-05-06T11:30:41.900Z]   ✓ Published
[2026-05-06T11:30:41.900Z] ◀ Snapshot end · duration 41s
Exit code: 0 
 
=== 06/05/2026  9:30:01,86 === 
[2026-05-06T12:30:02.221Z] ▶ Snapshot start · 2026-05-06T09:30:02-03:00
[2026-05-06T12:30:10.481Z]   ✓ WIN1! · last=192455
[2026-05-06T12:30:18.671Z]   ✓ WDO1! · last=4934.5
[2026-05-06T12:30:22.815Z]   ✓ DXY · last=97.886
[2026-05-06T12:30:27.174Z]   ✓ USDJPY · last=156.154
[2026-05-06T12:30:31.669Z]   ✓ US500 · last=7322.6
[2026-05-06T12:30:36.013Z]   ✓ NAS100 · last=28405.4
[2026-05-06T12:30:40.113Z]   ✓ XAUUSD · last=4680.53
[2026-05-06T12:30:40.119Z]   · fetching DI curve from Investing...
[2026-05-06T12:30:41.040Z]   ✓ DI curve · 5 vertices
[2026-05-06T12:30:41.094Z]   ✓ Saved 2026-05-06_0930.json + latest.json
[2026-05-06T12:30:41.095Z]   · invoking publish_briefing...
[2026-05-06T12:30:45.417Z]   ✓ Published
[2026-05-06T12:30:45.418Z] ◀ Snapshot end · duration 43s
Exit code: 0 
 
=== 06/05/2026 10:30:01,56 === 
[2026-05-06T13:30:02.025Z] ▶ Snapshot start · 2026-05-06T10:30:01-03:00
[2026-05-06T14:22:11.740Z]   ✗ WIN1! · CDP eval: TypeError: Cannot read properties of undefined (reading '_activeChartWidgetWV')
    at <anonymous>:1:58
    at <anonymous>:1:146
    at <anonymous>:1:152
[2026-05-06T14:22:11.768Z]   ✗ WDO1! · CDP eval: TypeError: Cannot read properties of undefined (reading '_activeChartWidgetWV')
    at <anonymous>:1:58
    at <anonymous>:1:146
    at <anonymous>:1:152
[2026-05-06T14:22:11.770Z]   ✗ DXY · CDP eval: TypeError: Cannot read properties of undefined (reading '_activeChartWidgetWV')
    at <anonymous>:1:58
    at <anonymous>:1:137
    at <anonymous>:1:143
[2026-05-06T14:22:11.773Z]   ✗ USDJPY · CDP eval: TypeError: Cannot read properties of undefined (reading '_activeChartWidgetWV')
    at <anonymous>:1:58
    at <anonymous>:1:148
    at <anonymous>:1:154
[2026-05-06T14:22:11.775Z]   ✗ US500 · CDP eval: TypeError: Cannot read properties of undefined (reading '_activeChartWidgetWV')
    at <anonymous>:1:58
    at <anonymous>:1:147
    at <anonymous>:1:153
[2026-05-06T14:22:11.777Z]   ✗ NAS100 · CDP eval: TypeError: Cannot read properties of undefined (reading '_activeChartWidgetWV')
    at <anonymous>:1:58
    at <anonymous>:1:148
    at <anonymous>:1:154
[2026-05-06T14:22:11.784Z]   ✗ XAUUSD · CDP eval: TypeError: Cannot read properties of undefined (reading '_activeChartWidgetWV')
    at <anonymous>:1:58
    at <anonymous>:1:148
    at <anonymous>:1:154
[2026-05-06T14:22:11.805Z]   · fetching DI curve from Investing...
[2026-05-06T14:22:13.380Z]   ✓ DI curve · 5 vertices
[2026-05-06T14:22:13.459Z]   ✓ Saved 2026-05-06_1030.json + latest.json
[2026-05-06T14:22:13.460Z]   · invoking publish_briefing...
[2026-05-06T14:22:19.404Z]   ✓ Published
[2026-05-06T14:22:19.405Z] ◀ Snapshot end · duration 3137s
 
=== 06/05/2026 11:30:01,31 === 
[2026-05-06T14:30:01.571Z] ▶ Snapshot start · 2026-05-06T11:30:01-03:00
[2026-05-06T14:30:09.767Z]   ✓ WIN1! · last=189805
[2026-05-06T14:30:18.028Z]   ✓ WDO1! · last=4961
[2026-05-06T14:30:22.540Z]   ✓ DXY · last=97.993
[2026-05-06T14:30:26.827Z]   ✓ USDJPY · last=156.196
[2026-05-06T14:30:30.872Z]   ✓ US500 · last=7331.1
[2026-05-06T14:30:34.913Z]   ✓ NAS100 · last=28335.9
[2026-05-06T14:30:38.957Z]   ✓ XAUUSD · last=4706.84
[2026-05-06T14:30:38.960Z]   · fetching DI curve from Investing...
[2026-05-06T14:30:40.092Z]   ✓ DI curve · 5 vertices
[2026-05-06T14:30:40.097Z]   ✓ Saved 2026-05-06_1130.json + latest.json
[2026-05-06T14:30:40.097Z]   · invoking publish_briefing...
[2026-05-06T14:30:43.580Z]   ✓ Published
[2026-05-06T14:30:43.580Z] ◀ Snapshot end · duration 42s
Exit code: 0 
 
=== 06/05/2026 12:30:01,42 === 
[2026-05-06T15:30:01.931Z] ▶ Snapshot start · 2026-05-06T12:30:01-03:00
[2026-05-06T15:30:10.198Z]   ✓ WIN1! · last=190790
[2026-05-06T15:30:18.430Z]   ✓ WDO1! · last=4956
[2026-05-06T15:30:22.550Z]   ✓ DXY · last=97.97
[2026-05-06T15:30:26.634Z]   ✓ USDJPY · last=156.284
[2026-05-06T15:30:30.711Z]   ✓ US500 · last=7348.9
[2026-05-06T15:30:34.783Z]   ✓ NAS100 · last=28480.8
[2026-05-06T15:30:38.865Z]   ✓ XAUUSD · last=4695.49
[2026-05-06T15:30:38.869Z]   · fetching DI curve from Investing...
[2026-05-06T15:30:40.200Z]   ✓ DI curve · 5 vertices
[2026-05-06T15:30:40.206Z]   ✓ Saved 2026-05-06_1230.json + latest.json
[2026-05-06T15:30:40.207Z]   · invoking publish_briefing...
[2026-05-06T15:30:43.052Z]   ✓ Published
[2026-05-06T15:30:43.052Z] ◀ Snapshot end · duration 41s
Exit code: 0 
 
=== 06/05/2026 13:30:01,79 === 
[2026-05-06T16:30:02.266Z] ▶ Snapshot start · 2026-05-06T13:30:02-03:00
[2026-05-06T16:30:10.491Z]   ✓ WIN1! · last=190870
[2026-05-06T16:30:18.721Z]   ✓ WDO1! · last=4953
[2026-05-06T16:30:22.865Z]   ✓ DXY · last=98.022
[2026-05-06T16:30:26.949Z]   ✓ USDJPY · last=156.431
[2026-05-06T16:30:31.017Z]   ✓ US500 · last=7346.1
[2026-05-06T16:30:35.090Z]   ✓ NAS100 · last=28478.5
[2026-05-06T16:30:39.181Z]   ✓ XAUUSD · last=4688.97
[2026-05-06T16:30:39.183Z]   · fetching DI curve from Investing...
[2026-05-06T16:30:40.417Z]   ✓ DI curve · 5 vertices
[2026-05-06T16:30:40.423Z]   ✓ Saved 2026-05-06_1330.json + latest.json
[2026-05-06T16:30:40.424Z]   · invoking publish_briefing...
[2026-05-06T16:30:43.343Z]   ✓ Published
[2026-05-06T16:30:43.343Z] ◀ Snapshot end · duration 41s
Exit code: 0 
 
=== 06/05/2026 14:30:01,33 === 
[2026-05-06T17:30:01.521Z] ▶ Snapshot start · 2026-05-06T14:30:01-03:00
[2026-05-06T17:30:09.725Z]   ✓ WIN1! · last=190595
[2026-05-06T17:30:17.883Z]   ✓ WDO1! · last=4953.5
[2026-05-06T17:30:21.985Z]   ✓ DXY · last=97.998
[2026-05-06T17:30:26.063Z]   ✓ USDJPY · last=156.406
[2026-05-06T17:30:30.148Z]   ✓ US500 · last=7346.1
[2026-05-06T17:30:34.210Z]   ✓ NAS100 · last=28494.3
[2026-05-06T17:30:38.274Z]   ✓ XAUUSD · last=4682.36
[2026-05-06T17:30:38.276Z]   · fetching DI curve from Investing...
[2026-05-06T17:30:39.315Z]   ✓ DI curve · 5 vertices
[2026-05-06T17:30:39.319Z]   ✓ Saved 2026-05-06_1430.json + latest.json
[2026-05-06T17:30:39.319Z]   · invoking publish_briefing...
[2026-05-06T17:30:42.239Z]   ✓ Published
[2026-05-06T17:30:42.240Z] ◀ Snapshot end · duration 41s
Exit code: 0 
 
=== 06/05/2026 15:30:01,16 === 
[2026-05-06T18:30:01.353Z] ▶ Snapshot start · 2026-05-06T15:30:01-03:00
[2026-05-06T18:30:09.477Z]   ✓ WIN1! · last=4684.08
[2026-05-06T18:30:17.587Z]   ✓ WDO1! · last=4684.08
[2026-05-06T18:30:21.642Z]   ✓ DXY · last=4684.08
[2026-05-06T18:30:25.686Z]   ✓ USDJPY · last=4684.08
[2026-05-06T18:30:29.727Z]   ✓ US500 · last=4684.08
[2026-05-06T18:30:33.770Z]   ✓ NAS100 · last=4684.08
[2026-05-06T18:30:37.819Z]   ✓ XAUUSD · last=4684.08
[2026-05-06T18:30:37.822Z]   · fetching DI curve from Investing...
[2026-05-06T18:30:38.722Z]   ✓ DI curve · 5 vertices
[2026-05-06T18:30:38.726Z]   ✓ Saved 2026-05-06_1530.json + latest.json
[2026-05-06T18:30:38.726Z]   · invoking publish_briefing...
[2026-05-06T18:30:41.905Z]   ✓ Published
[2026-05-06T18:30:41.906Z] ◀ Snapshot end · duration 41s
Exit code: 0 
 
=== 06/05/2026 16:30:01,33 === 
[2026-05-06T19:30:01.624Z] ▶ Snapshot start · 2026-05-06T16:30:01-03:00
[2026-05-06T19:30:09.746Z]   ✓ WIN1! · last=4684.08
[2026-05-06T19:30:17.872Z]   ✓ WDO1! · last=4684.08
[2026-05-06T19:30:21.969Z]   ✓ DXY · last=4684.08
[2026-05-06T19:30:26.011Z]   ✓ USDJPY · last=4684.08
[2026-05-06T19:30:30.065Z]   ✓ US500 · last=4684.08
[2026-05-06T19:30:34.239Z]   ✓ NAS100 · last=4684.08
[2026-05-06T19:30:38.279Z]   ✓ XAUUSD · last=4684.08
[2026-05-06T19:30:38.283Z]   · fetching DI curve from Investing...
[2026-05-06T19:30:39.532Z]   ✓ DI curve · 5 vertices
[2026-05-06T19:30:39.537Z]   ✓ Saved 2026-05-06_1630.json + latest.json
[2026-05-06T19:30:39.537Z]   · invoking publish_briefing...
[2026-05-06T19:30:42.973Z]   ✓ Published
[2026-05-06T19:30:42.973Z] ◀ Snapshot end · duration 41s
Exit code: 0 
 
=== 06/05/2026 17:30:01,30 === 
[2026-05-06T20:30:01.792Z] ▶ Snapshot start · 2026-05-06T17:30:01-03:00
[2026-05-06T20:30:09.969Z]   ✓ WIN1! · last=4684.08
[2026-05-06T20:30:18.065Z]   ✓ WDO1! · last=4684.08
[2026-05-06T20:30:22.121Z]   ✓ DXY · last=4684.08
[2026-05-06T20:30:26.161Z]   ✓ USDJPY · last=4684.08
[2026-05-06T20:30:30.218Z]   ✓ US500 · last=4684.08
[2026-05-06T20:30:34.252Z]   ✓ NAS100 · last=4684.08
[2026-05-06T20:30:38.287Z]   ✓ XAUUSD · last=4684.08
[2026-05-06T20:30:38.291Z]   · fetching DI curve from Investing...
[2026-05-06T20:30:38.887Z]   ✓ DI curve · 5 vertices
[2026-05-06T20:30:38.893Z]   ✓ Saved 2026-05-06_1730.json + latest.json
[2026-05-06T20:30:38.893Z]   · invoking publish_briefing...
[2026-05-06T20:30:41.803Z]   ✓ Published
[2026-05-06T20:30:41.803Z] ◀ Snapshot end · duration 40s
Exit code: 0 
